E:\Program Files\Microsoft Visual Studio\2022\Community\MSBuild\Microsoft\VC\v170\Microsoft.Cpp.Analysis.props(24,5): warning MSB4211: The property "MsvcAnalysisPluginPath" is being set to a value for the first time, but it was already consumed at "E:\Program Files\Microsoft Visual Studio\2022\Community\MSBuild\Microsoft\VC\v170\Microsoft.CodeAnalysis.Extensions.props (33,5)".
  adler32.c
E:\nador_engine\nador_test_app\libnador\atlas_maker\dep\zlib\zconf.h(490,14): fatal  error C1083: Cannot open include file: 'unistd.h': No such file or directory
  compress.c
E:\nador_engine\nador_test_app\libnador\atlas_maker\dep\zlib\zconf.h(490,14): fatal  error C1083: Cannot open include file: 'unistd.h': No such file or directory
  crc32.c
E:\nador_engine\nador_test_app\libnador\atlas_maker\dep\zlib\zconf.h(490,14): fatal  error C1083: Cannot open include file: 'unistd.h': No such file or directory
  deflate.c
E:\nador_engine\nador_test_app\libnador\atlas_maker\dep\zlib\zconf.h(490,14): fatal  error C1083: Cannot open include file: 'unistd.h': No such file or directory
  gzclose.c
E:\nador_engine\nador_test_app\libnador\atlas_maker\dep\zlib\zconf.h(490,14): fatal  error C1083: Cannot open include file: 'unistd.h': No such file or directory
  gzlib.c
E:\nador_engine\nador_test_app\libnador\atlas_maker\dep\zlib\zconf.h(490,14): fatal  error C1083: Cannot open include file: 'unistd.h': No such file or directory
  gzread.c
E:\nador_engine\nador_test_app\libnador\atlas_maker\dep\zlib\zconf.h(490,14): fatal  error C1083: Cannot open include file: 'unistd.h': No such file or directory
  gzwrite.c
E:\nador_engine\nador_test_app\libnador\atlas_maker\dep\zlib\zconf.h(490,14): fatal  error C1083: Cannot open include file: 'unistd.h': No such file or directory
  infback.c
E:\nador_engine\nador_test_app\libnador\atlas_maker\dep\zlib\zconf.h(490,14): fatal  error C1083: Cannot open include file: 'unistd.h': No such file or directory
  inffast.c
E:\nador_engine\nador_test_app\libnador\atlas_maker\dep\zlib\zconf.h(490,14): fatal  error C1083: Cannot open include file: 'unistd.h': No such file or directory
  inflate.c
E:\nador_engine\nador_test_app\libnador\atlas_maker\dep\zlib\zconf.h(490,14): fatal  error C1083: Cannot open include file: 'unistd.h': No such file or directory
  inftrees.c
E:\nador_engine\nador_test_app\libnador\atlas_maker\dep\zlib\zconf.h(490,14): fatal  error C1083: Cannot open include file: 'unistd.h': No such file or directory
  trees.c
E:\nador_engine\nador_test_app\libnador\atlas_maker\dep\zlib\zconf.h(490,14): fatal  error C1083: Cannot open include file: 'unistd.h': No such file or directory
  uncompr.c
E:\nador_engine\nador_test_app\libnador\atlas_maker\dep\zlib\zconf.h(490,14): fatal  error C1083: Cannot open include file: 'unistd.h': No such file or directory
  zutil.c
E:\nador_engine\nador_test_app\libnador\atlas_maker\dep\zlib\zconf.h(490,14): fatal  error C1083: Cannot open include file: 'unistd.h': No such file or directory
  Generating Code...
