e:\nador_engine\nador_test_app\libnador\atlas_maker\dep\libpng-libpng16\projects\vstudio\debug library\zlib.bsc
e:\nador_engine\nador_test_app\libnador\atlas_maker\dep\libpng-libpng16\projects\vstudio\debug library\zlib.pdb
e:\nador_engine\nador_test_app\libnador\atlas_maker\dep\libpng-libpng16\projects\vstudio\zlib\debug library\adler32.sbr
e:\nador_engine\nador_test_app\libnador\atlas_maker\dep\libpng-libpng16\projects\vstudio\zlib\debug library\compress.sbr
e:\nador_engine\nador_test_app\libnador\atlas_maker\dep\libpng-libpng16\projects\vstudio\zlib\debug library\crc32.sbr
e:\nador_engine\nador_test_app\libnador\atlas_maker\dep\libpng-libpng16\projects\vstudio\zlib\debug library\deflate.sbr
e:\nador_engine\nador_test_app\libnador\atlas_maker\dep\libpng-libpng16\projects\vstudio\zlib\debug library\infback.sbr
e:\nador_engine\nador_test_app\libnador\atlas_maker\dep\libpng-libpng16\projects\vstudio\zlib\debug library\inffast.sbr
e:\nador_engine\nador_test_app\libnador\atlas_maker\dep\libpng-libpng16\projects\vstudio\zlib\debug library\inflate.sbr
e:\nador_engine\nador_test_app\libnador\atlas_maker\dep\libpng-libpng16\projects\vstudio\zlib\debug library\inftrees.sbr
e:\nador_engine\nador_test_app\libnador\atlas_maker\dep\libpng-libpng16\projects\vstudio\zlib\debug library\trees.sbr
e:\nador_engine\nador_test_app\libnador\atlas_maker\dep\libpng-libpng16\projects\vstudio\zlib\debug library\uncompr.sbr
e:\nador_engine\nador_test_app\libnador\atlas_maker\dep\libpng-libpng16\projects\vstudio\zlib\debug library\zutil.sbr
e:\nador_engine\nador_test_app\libnador\atlas_maker\dep\libpng-libpng16\projects\vstudio\zlib\debug library\zutil.obj
e:\nador_engine\nador_test_app\libnador\atlas_maker\dep\libpng-libpng16\projects\vstudio\zlib\debug library\uncompr.obj
e:\nador_engine\nador_test_app\libnador\atlas_maker\dep\libpng-libpng16\projects\vstudio\zlib\debug library\trees.obj
e:\nador_engine\nador_test_app\libnador\atlas_maker\dep\libpng-libpng16\projects\vstudio\zlib\debug library\inftrees.obj
e:\nador_engine\nador_test_app\libnador\atlas_maker\dep\libpng-libpng16\projects\vstudio\zlib\debug library\inflate.obj
e:\nador_engine\nador_test_app\libnador\atlas_maker\dep\libpng-libpng16\projects\vstudio\zlib\debug library\inffast.obj
e:\nador_engine\nador_test_app\libnador\atlas_maker\dep\libpng-libpng16\projects\vstudio\zlib\debug library\infback.obj
e:\nador_engine\nador_test_app\libnador\atlas_maker\dep\libpng-libpng16\projects\vstudio\zlib\debug library\deflate.obj
e:\nador_engine\nador_test_app\libnador\atlas_maker\dep\libpng-libpng16\projects\vstudio\zlib\debug library\crc32.obj
e:\nador_engine\nador_test_app\libnador\atlas_maker\dep\libpng-libpng16\projects\vstudio\zlib\debug library\compress.obj
e:\nador_engine\nador_test_app\libnador\atlas_maker\dep\libpng-libpng16\projects\vstudio\zlib\debug library\adler32.obj
e:\nador_engine\nador_test_app\libnador\atlas_maker\dep\libpng-libpng16\projects\vstudio\debug library\zlib.lib
e:\nador_engine\nador_test_app\libnador\atlas_maker\dep\libpng-libpng16\projects\vstudio\zlib\debug library\zlib.tlog\bscmake.command.1.tlog
e:\nador_engine\nador_test_app\libnador\atlas_maker\dep\libpng-libpng16\projects\vstudio\zlib\debug library\zlib.tlog\bscmake.read.1.tlog
e:\nador_engine\nador_test_app\libnador\atlas_maker\dep\libpng-libpng16\projects\vstudio\zlib\debug library\zlib.tlog\bscmake.write.1.tlog
e:\nador_engine\nador_test_app\libnador\atlas_maker\dep\libpng-libpng16\projects\vstudio\zlib\debug library\zlib.tlog\cl.command.1.tlog
e:\nador_engine\nador_test_app\libnador\atlas_maker\dep\libpng-libpng16\projects\vstudio\zlib\debug library\zlib.tlog\cl.read.1.tlog
e:\nador_engine\nador_test_app\libnador\atlas_maker\dep\libpng-libpng16\projects\vstudio\zlib\debug library\zlib.tlog\cl.write.1.tlog
e:\nador_engine\nador_test_app\libnador\atlas_maker\dep\libpng-libpng16\projects\vstudio\zlib\debug library\zlib.tlog\lib-link.read.1.tlog
e:\nador_engine\nador_test_app\libnador\atlas_maker\dep\libpng-libpng16\projects\vstudio\zlib\debug library\zlib.tlog\lib-link.write.1.tlog
e:\nador_engine\nador_test_app\libnador\atlas_maker\dep\libpng-libpng16\projects\vstudio\zlib\debug library\zlib.tlog\lib.command.1.tlog
